Error: Couldn't find a style target. This probably means that the value for the 'insert' parameter is invalid.
    at r.exports (3566.js?t=wechat&s=1700761640852&v=9254e1d8211546d5f8a5fcbd0bfeb245:formatted:40)
    at Object.e.exports [as insertStyleElement] (4911.js?t=wechat&s=1700761640852&v=e88b156b6c9b9e238e34b532d5fa42cc:1)
    at Object.e.exports [as domAPI] (552.js?t=wechat&s=1700761640852&v=8c6e318777f5428d9d249dc0ccdcd2fb:1)
    at n (1062.js?t=wechat&s=1700761640852&v=c062c386e4175962511aecef0e861711:1)
    at a (1062.js?t=wechat&s=1700761640852&v=c062c386e4175962511aecef0e861711:1)
    at e.exports (1062.js?t=wechat&s=1700761640852&v=c062c386e4175962511aecef0e861711:1)
    at Object.5012 (5012.js?t=wechat&s=1700761640852&v=117364fc4b4894023007c7d5fa2c69f6:1)
    at a (index~d09cc0b3.js?t=wechat&s=1700761640852&v=c28164c1f35b9e7d48ca0121e9ab0aef:1)
    at Object.2610 (index~c9ea530a.js?t=wechat&s=1700761640852&v=d05dcfc895318c3c9229aac8b49c50d2:1)
    at a (index~d09cc0b3.js?t=wechat&s=1700761640852&v=c28164c1f35b9e7d48ca0121e9ab0aef:1)(env: macOS,mp,1.06.2310080; lib: 2.25.3)



Error: Couldn't find a style target. This probably means that the value for the 'insert' parameter is invalid.
    at r.exports (index.js?t=wechat&s=1700761640852&v=553a9cc1263e3de0fdb4238737adf900:2)
    at Object.e.exports [as insertStyleElement] (index.js?t=wechat&s=1700761640852&v=553a9cc1263e3de0fdb4238737adf900:2)
    at Object.e.exports [as domAPI] (index.js?t=wechat&s=1700761640852&v=553a9cc1263e3de0fdb4238737adf900:2)
    at n (index.js?t=wechat&s=1700761640852&v=553a9cc1263e3de0fdb4238737adf900:2)
    at t (index.js?t=wechat&s=1700761640852&v=553a9cc1263e3de0fdb4238737adf900:2)
    at e.exports (index.js?t=wechat&s=1700761640852&v=553a9cc1263e3de0fdb4238737adf900:2)
    at index.js?t=wechat&s=1700761640852&v=553a9cc1263e3de0fdb4238737adf900:2
    at index.js?t=wechat&s=1700761640852&v=553a9cc1263e3de0fdb4238737adf900:2
    at module.exports (index.js?t=wechat&s=1700761640852&v=553a9cc1263e3de0fdb4238737adf900:2)
    at init (index.js? [sm]:5)(env: macOS,mp,1.06.2310080; lib: 2.25.3)


TypeError: e.matchMedia is not a function
    at index.js?t=wechat&s=1700761640852&v=c318716d31738be3de08c0433a2a5f4b:2
    at ou (index.js?t=wechat&s=1700761640852&v=c318716d31738be3de08c0433a2a5f4b:2)
    at Cs (index.js?t=wechat&s=1700761640852&v=c318716d31738be3de08c0433a2a5f4b:2)
    at index.js?t=wechat&s=1700761640852&v=c318716d31738be3de08c0433a2a5f4b:2
    at E (index.js?t=wechat&s=1700761640852&v=c318716d31738be3de08c0433a2a5f4b:2)
    at Function.T (index.js?t=wechat&s=1700761640852&v=c318716d31738be3de08c0433a2a5f4b:2)
    at :50893/appservice/<setTimeout callback function>
    at WASubContext.js?t=wechat&s=1700761640852&v=2.25.3:1
    at r.<anonymous> (WASubContext.js?t=wechat&s=1700761640852&v=2.25.3:1)
    at Function.<anonymous> (WASubContext.js?t=wechat&s=1700761640852&v=2.25.3:1)(env: macOS,mp,1.06.2310080; lib: 2.25.3)
